2021-24-02 12:45:07   INFO [pages.LoginPage] : Login page was opened
2021-24-02 12:45:08   INFO [libs.ActionsWithOurElements] : +380632978641 was input into element 
2021-24-02 12:45:08   INFO [libs.ActionsWithOurElements] : Element was clicked
2021-24-02 12:45:08   INFO [libs.ActionsWithOurElements] : 1 was input into element 
2021-24-02 12:45:09   INFO [libs.ActionsWithOurElements] : Element was clicked
2021-24-02 12:45:11   INFO [libs.ActionsWithOurElements] : Element is displayed --> true
2021-24-02 12:45:11   INFO [login.LoginWithPageObject] : Finished test: login.LoginWithPageObject::validLogin
2021-24-02 13:15:44   INFO [pages.LoginPage] : Login page was opened
2021-24-02 13:15:54  ERROR [libs.ActionsWithOurElements] : Cannot work with elementorg.openqa.selenium.NoSuchElementException: no such element: Unable to locate element: {"method":"xpath","selector":"//*[@placeholder='+38(050) XXX XX XX']"}
  (Session info: chrome=88.0.4324.182)
  (Driver info: chromedriver=72.0.3626.69 (3c16f8a135abc0d4da2dff33804db79b849a7c38),platform=Windows NT 10.0.18363 x86_64) (WARNING: The server did not provide any stacktrace information)
Command duration or timeout: 0 milliseconds
For documentation on this error, please visit: https://www.seleniumhq.org/exceptions/no_such_element.html
Build info: version: '3.141.59', revision: 'e82be7d358', time: '2018-11-14T08:17:03'
System info: host: 'MAKSYM', ip: '192.168.1.137', os.name: 'Windows 10', os.arch: 'amd64', os.version: '10.0', java.version: '1.8.0_281'
Driver info: org.openqa.selenium.chrome.ChromeDriver
Capabilities {acceptInsecureCerts: false, acceptSslCerts: false, applicationCacheEnabled: false, browserConnectionEnabled: false, browserName: chrome, chrome: {chromedriverVersion: 72.0.3626.69 (3c16f8a135abc..., userDataDir: C:\Users\Максим\AppData\Loc...}, cssSelectorsEnabled: true, databaseEnabled: false, goog:chromeOptions: {debuggerAddress: localhost:62190}, handlesAlerts: true, hasTouchScreen: false, javascriptEnabled: true, locationContextEnabled: true, mobileEmulationEnabled: false, nativeEvents: true, networkConnectionEnabled: false, pageLoadStrategy: normal, platform: XP, platformName: XP, proxy: Proxy(), rotatable: false, setWindowRect: true, takesHeapSnapshot: true, takesScreenshot: true, timeouts: {implicit: 0, pageLoad: 300000, script: 30000}, unexpectedAlertBehaviour: ignore, unhandledPromptBehavior: ignore, version: 88.0.4324.182, webStorageEnabled: true}
Session ID: 0b276ad76271280ceccf2c45e68b1442
*** Element info: {Using=xpath, value=//*[@placeholder='+38(050) XXX XX XX']}
2021-24-02 13:15:54   INFO [searchZayavka.SearchZayavka] : Finished test: searchZayavka.SearchZayavka::addNewCategorySearch
